Release 14.7 Map P.20131013 (lin64)
Xilinx Mapping Report File for Design 'lab5_gcd'

Design Information
------------------
Command Line   : map -intstyle ise -p xc7a200t-fbg484-3 -w -logic_opt off -ol
high -t 1 -xt 0 -register_duplication off -r 4 -mt off -ir off -pr off -lc off
-power off -o lab5_gcd_map.ncd lab5_gcd.ngd lab5_gcd.pcf 
Target Device  : xc7a200t
Target Package : fbg484
Target Speed   : -3
Mapper Version : artix7 -- $Revision: 1.55 $
Mapped Date    : Sat Aug 26 14:08:23 2017

Design Summary
--------------
Number of errors   :   1
Number of warnings :   0

Section 1 - Errors
------------------
ERROR:Security:9c - No 'ISE' nor 'WebPack' feature version 2013.10 was available
for part 'xc7a200t'.
ERROR:Map:258 - A problem was encountered attempting to get the license for this
   architecture.



Section 2 - Warnings
--------------------
WARNING:Security:43 - No license file was found in the standard Xilinx license
directory.
WARNING:Security:44 - Since no license file was found,

Section 3 - Informational
-------------------------
INFO:Security:50 - The XILINXD_LICENSE_FILE environment variable is set to
'2100@10.208.22.170:/extra/xilinxlic/Xilinx.lic'.
INFO:Security:53 - The LM_LICENSE_FILE environment variable is not set.
INFO:Security:54 - 'xc7a200t' is a WebPack part.
INFO:Security:68a - user is cs1160680, on host unknown.
